  [1m[36m (1.8ms)[0m  [1mCREATE TABLE "schema_migrations" ("version" varchar(255) NOT NULL) [0m
  [1m[35m (1.2ms)[0m  CREATE UNIQUE INDEX "unique_schema_migrations" ON "schema_migrations" ("version")
  [1m[36mActiveRecord::SchemaMigration Load (0.1ms)[0m  [1mSELECT "schema_migrations".* FROM "schema_migrations"[0m
Migrating to CreateUsers (20130311191400)
  [1m[35m (0.1ms)[0m  begin transaction
  [1m[36m (0.6ms)[0m  [1mCREATE TABLE "users" ("id" INTEGER PRIMARY KEY AUTOINCREMENT NOT NULL, "name" varchar(255), "email" varchar(255), "created_at" datetime, "updated_at" datetime) [0m
  [1m[35mSQL (0.2ms)[0m  INSERT INTO "schema_migrations" ("version") VALUES (?)  [["version", "20130311191400"]]
  [1m[36m (1.1ms)[0m  [1mcommit transaction[0m
Migrating to AddIndexToUsersEmail (20130311194153)
  [1m[35m (0.1ms)[0m  begin transaction
  [1m[36m (0.4ms)[0m  [1mCREATE UNIQUE INDEX "index_users_on_email" ON "users" ("email")[0m
  [1m[35mSQL (0.1ms)[0m  INSERT INTO "schema_migrations" ("version") VALUES (?)  [["version", "20130311194153"]]
  [1m[36m (1.1ms)[0m  [1mcommit transaction[0m
Migrating to AddPasswordDigestToUsers (20130311201841)
  [1m[35m (0.1ms)[0m  begin transaction
  [1m[36m (21.0ms)[0m  [1mALTER TABLE "users" ADD "password_digest" varchar(255)[0m
  [1m[35mSQL (0.2ms)[0m  INSERT INTO "schema_migrations" ("version") VALUES (?)  [["version", "20130311201841"]]
  [1m[36m (0.9ms)[0m  [1mcommit transaction[0m
Migrating to AddRememberTokenToUsers (20130314184954)
  [1m[35m (0.1ms)[0m  begin transaction
  [1m[36m (0.6ms)[0m  [1mALTER TABLE "users" ADD "remember_token" varchar(255)[0m
  [1m[35m (0.2ms)[0m  CREATE INDEX "index_users_on_remember_token" ON "users" ("remember_token")
  [1m[36mSQL (0.2ms)[0m  [1mINSERT INTO "schema_migrations" ("version") VALUES (?)[0m  [["version", "20130314184954"]]
  [1m[35m (1.1ms)[0m  commit transaction
Migrating to AddAdminToUsers (20130315015932)
  [1m[36m (0.2ms)[0m  [1mbegin transaction[0m
  [1m[35m (0.5ms)[0m  ALTER TABLE "users" ADD "admin" boolean
  [1m[36mSQL (0.1ms)[0m  [1mINSERT INTO "schema_migrations" ("version") VALUES (?)[0m  [["version", "20130315015932"]]
  [1m[35m (0.9ms)[0m  commit transaction
Migrating to CreateMicroposts (20130315175534)
  [1m[36m (0.1ms)[0m  [1mbegin transaction[0m
  [1m[35m (0.3ms)[0m  CREATE TABLE "microposts" ("id" INTEGER PRIMARY KEY AUTOINCREMENT NOT NULL, "content" varchar(255), "user_id" integer, "created_at" datetime, "updated_at" datetime) 
  [1m[36m (0.1ms)[0m  [1mCREATE INDEX "index_microposts_on_user_id_and_created_at" ON "microposts" ("user_id", "created_at")[0m
  [1m[35mSQL (0.1ms)[0m  INSERT INTO "schema_migrations" ("version") VALUES (?)  [["version", "20130315175534"]]
  [1m[36m (1.2ms)[0m  [1mcommit transaction[0m
Migrating to CreateRelationships (20130315230445)
  [1m[35m (0.1ms)[0m  begin transaction
  [1m[36m (0.6ms)[0m  [1mCREATE TABLE "relationships" ("id" INTEGER PRIMARY KEY AUTOINCREMENT NOT NULL, "follower_id" integer, "followed_id" integer, "created_at" datetime, "updated_at" datetime) [0m
  [1m[35m (0.2ms)[0m  CREATE INDEX "index_relationships_on_follower_id" ON "relationships" ("follower_id")
  [1m[36m (0.1ms)[0m  [1mCREATE INDEX "index_relationships_on_followed_id" ON "relationships" ("followed_id")[0m
  [1m[35m (0.4ms)[0m  CREATE UNIQUE INDEX "index_relationships_on_follower_id_and_followed_id" ON "relationships" ("follower_id", "followed_id")
  [1m[36mSQL (0.1ms)[0m  [1mINSERT INTO "schema_migrations" ("version") VALUES (?)[0m  [["version", "20130315230445"]]
  [1m[35m (1.3ms)[0m  commit transaction
  [1m[36mActiveRecord::SchemaMigration Load (0.1ms)[0m  [1mSELECT "schema_migrations".* FROM "schema_migrations"[0m


Started GET "/" for 127.0.0.1 at 2013-11-22 00:34:45 +0800
  [1m[36mActiveRecord::SchemaMigration Load (0.1ms)[0m  [1mSELECT "schema_migrations".* FROM "schema_migrations"[0m
Processing by StaticPagesController#home as HTML
  [1m[35mUser Load (0.1ms)[0m  SELECT "users".* FROM "users" WHERE "users"."remember_token" = 'da39a3ee5e6b4b0d3255bfef95601890afd80709' LIMIT 1
  [1m[36mCACHE (0.0ms)[0m  [1mSELECT "users".* FROM "users" WHERE "users"."remember_token" = 'da39a3ee5e6b4b0d3255bfef95601890afd80709' LIMIT 1[0m
  Rendered static_pages/home.html.erb within layouts/application (9.9ms)
  Rendered layouts/_shim.html.erb (0.7ms)
  [1m[35mCACHE (0.1ms)[0m  SELECT "users".* FROM "users" WHERE "users"."remember_token" = 'da39a3ee5e6b4b0d3255bfef95601890afd80709' LIMIT 1
  Rendered layouts/_header.html.erb (3.3ms)
  Rendered layouts/_footer.html.erb (1.2ms)
Completed 200 OK in 4306ms (Views: 4237.4ms | ActiveRecord: 0.5ms)


Started GET "/assets/bootstrap-transition.js?body=1" for 127.0.0.1 at 2013-11-22 00:34:50 +0800


Started GET "/assets/bootstrap-affix.js?body=1" for 127.0.0.1 at 2013-11-22 00:34:50 +0800


Started GET "/assets/bootstrap-alert.js?body=1" for 127.0.0.1 at 2013-11-22 00:34:50 +0800


Started GET "/assets/bootstrap-button.js?body=1" for 127.0.0.1 at 2013-11-22 00:34:50 +0800


Started GET "/assets/bootstrap-carousel.js?body=1" for 127.0.0.1 at 2013-11-22 00:34:50 +0800


Started GET "/assets/bootstrap-collapse.js?body=1" for 127.0.0.1 at 2013-11-22 00:34:50 +0800


Started GET "/assets/custom.css?body=1" for 127.0.0.1 at 2013-11-22 00:34:50 +0800


Started GET "/assets/application.css?body=1" for 127.0.0.1 at 2013-11-22 00:34:50 +0800


Started GET "/assets/sessions.css?body=1" for 127.0.0.1 at 2013-11-22 00:34:50 +0800


Started GET "/assets/static_pages.css?body=1" for 127.0.0.1 at 2013-11-22 00:34:50 +0800


Started GET "/assets/bootstrap-dropdown.js?body=1" for 127.0.0.1 at 2013-11-22 00:34:50 +0800


Started GET "/assets/users.css?body=1" for 127.0.0.1 at 2013-11-22 00:34:50 +0800


Started GET "/assets/jquery.js?body=1" for 127.0.0.1 at 2013-11-22 00:34:50 +0800


Started GET "/assets/jquery_ujs.js?body=1" for 127.0.0.1 at 2013-11-22 00:34:50 +0800


Started GET "/assets/turbolinks.js?body=1" for 127.0.0.1 at 2013-11-22 00:34:50 +0800


Started GET "/assets/bootstrap-modal.js?body=1" for 127.0.0.1 at 2013-11-22 00:34:50 +0800


Started GET "/assets/bootstrap-scrollspy.js?body=1" for 127.0.0.1 at 2013-11-22 00:34:50 +0800


Started GET "/assets/bootstrap-tab.js?body=1" for 127.0.0.1 at 2013-11-22 00:34:50 +0800


Started GET "/assets/bootstrap-popover.js?body=1" for 127.0.0.1 at 2013-11-22 00:34:50 +0800


Started GET "/assets/bootstrap-tooltip.js?body=1" for 127.0.0.1 at 2013-11-22 00:34:50 +0800


Started GET "/assets/bootstrap-typeahead.js?body=1" for 127.0.0.1 at 2013-11-22 00:34:50 +0800


Started GET "/assets/bootstrap.js?body=1" for 127.0.0.1 at 2013-11-22 00:34:50 +0800


Started GET "/assets/application.js?body=1" for 127.0.0.1 at 2013-11-22 00:34:50 +0800


Started GET "/assets/sessions.js?body=1" for 127.0.0.1 at 2013-11-22 00:34:50 +0800


Started GET "/assets/static_pages.js?body=1" for 127.0.0.1 at 2013-11-22 00:34:50 +0800


Started GET "/assets/users.js?body=1" for 127.0.0.1 at 2013-11-22 00:34:50 +0800


Started GET "/assets/rails.png" for 127.0.0.1 at 2013-11-22 00:34:50 +0800


Started GET "/" for 127.0.0.1 at 2013-11-22 00:35:05 +0800
Processing by StaticPagesController#home as HTML
  [1m[36mUser Load (0.4ms)[0m  [1mSELECT "users".* FROM "users" WHERE "users"."remember_token" = 'da39a3ee5e6b4b0d3255bfef95601890afd80709' LIMIT 1[0m
  [1m[35mCACHE (0.1ms)[0m  SELECT "users".* FROM "users" WHERE "users"."remember_token" = 'da39a3ee5e6b4b0d3255bfef95601890afd80709' LIMIT 1
  Rendered static_pages/home.html.erb within layouts/application (4.1ms)
  Rendered layouts/_shim.html.erb (0.3ms)
  [1m[36mCACHE (0.0ms)[0m  [1mSELECT "users".* FROM "users" WHERE "users"."remember_token" = 'da39a3ee5e6b4b0d3255bfef95601890afd80709' LIMIT 1[0m
  Rendered layouts/_header.html.erb (1.8ms)
  Rendered layouts/_footer.html.erb (0.6ms)
Completed 200 OK in 25ms (Views: 23.0ms | ActiveRecord: 0.5ms)


Started GET "/help" for 127.0.0.1 at 2013-11-22 00:35:07 +0800
Processing by StaticPagesController#help as HTML
  Rendered static_pages/help.html.erb within layouts/application (0.5ms)
  Rendered layouts/_shim.html.erb (0.1ms)
  [1m[35mUser Load (0.3ms)[0m  SELECT "users".* FROM "users" WHERE "users"."remember_token" = 'da39a3ee5e6b4b0d3255bfef95601890afd80709' LIMIT 1
  Rendered layouts/_header.html.erb (2.3ms)
  Rendered layouts/_footer.html.erb (0.2ms)
Completed 200 OK in 42ms (Views: 41.5ms | ActiveRecord: 0.3ms)


Started GET "/signin" for 127.0.0.1 at 2013-11-22 00:35:09 +0800
Processing by SessionsController#new as HTML
  Rendered sessions/new.html.erb within layouts/application (377.3ms)
  Rendered layouts/_shim.html.erb (0.0ms)
  [1m[36mUser Load (0.2ms)[0m  [1mSELECT "users".* FROM "users" WHERE "users"."remember_token" = 'da39a3ee5e6b4b0d3255bfef95601890afd80709' LIMIT 1[0m
  Rendered layouts/_header.html.erb (1.1ms)
  Rendered layouts/_footer.html.erb (0.3ms)
Completed 200 OK in 394ms (Views: 392.5ms | ActiveRecord: 0.2ms)


Started GET "/signup" for 127.0.0.1 at 2013-11-22 00:35:13 +0800
Processing by UsersController#new as HTML
  Rendered shared/_error_messages.html.erb (3.4ms)
  Rendered users/new.html.erb within layouts/application (52.8ms)
  Rendered layouts/_shim.html.erb (0.1ms)
  [1m[35mUser Load (1.2ms)[0m  SELECT "users".* FROM "users" WHERE "users"."remember_token" = 'da39a3ee5e6b4b0d3255bfef95601890afd80709' LIMIT 1
  Rendered layouts/_header.html.erb (3.9ms)
  Rendered layouts/_footer.html.erb (0.3ms)
Completed 200 OK in 93ms (Views: 89.2ms | ActiveRecord: 1.5ms)


Started POST "/users" for 127.0.0.1 at 2013-11-22 00:35:29 +0800
Processing by UsersController#create as HTML
  Parameters: {"utf8"=>"✓", "authenticity_token"=>"Y4Jew4jkucLmCWfUADNYKPH1ahcD8JQU/faN7QhDHhQ=", "user"=>{"name"=>"zenghui", "email"=>"zenghui", "password"=>"[FILTERED]", "password_confirmation"=>"[FILTERED]"}, "commit"=>"Create my account"}
  [1m[36m (0.1ms)[0m  [1mbegin transaction[0m
  [1m[35mUser Exists (0.3ms)[0m  SELECT 1 AS one FROM "users" WHERE LOWER("users"."email") = LOWER('zenghui') LIMIT 1
  [1m[36m (0.1ms)[0m  [1mrollback transaction[0m
  Rendered shared/_error_messages.html.erb (1.1ms)
  Rendered users/new.html.erb within layouts/application (5.3ms)
  Rendered layouts/_shim.html.erb (0.1ms)
  [1m[35mUser Load (0.2ms)[0m  SELECT "users".* FROM "users" WHERE "users"."remember_token" = 'da39a3ee5e6b4b0d3255bfef95601890afd80709' LIMIT 1
  Rendered layouts/_header.html.erb (1.8ms)
  Rendered layouts/_footer.html.erb (0.2ms)
Completed 200 OK in 146ms (Views: 23.5ms | ActiveRecord: 0.7ms)


Started GET "/assets/application.css?body=1" for 127.0.0.1 at 2013-11-22 00:35:29 +0800


Started GET "/assets/sessions.css?body=1" for 127.0.0.1 at 2013-11-22 00:35:29 +0800


Started GET "/assets/jquery.js?body=1" for 127.0.0.1 at 2013-11-22 00:35:29 +0800


Started GET "/assets/static_pages.css?body=1" for 127.0.0.1 at 2013-11-22 00:35:29 +0800


Started GET "/assets/users.css?body=1" for 127.0.0.1 at 2013-11-22 00:35:29 +0800


Started GET "/assets/turbolinks.js?body=1" for 127.0.0.1 at 2013-11-22 00:35:29 +0800


Started GET "/assets/jquery_ujs.js?body=1" for 127.0.0.1 at 2013-11-22 00:35:29 +0800


Started GET "/assets/sessions.js?body=1" for 127.0.0.1 at 2013-11-22 00:35:29 +0800


Started GET "/assets/users.js?body=1" for 127.0.0.1 at 2013-11-22 00:35:29 +0800


Started GET "/assets/static_pages.js?body=1" for 127.0.0.1 at 2013-11-22 00:35:29 +0800


Started POST "/users" for 127.0.0.1 at 2013-11-22 00:35:38 +0800
Processing by UsersController#create as HTML
  Parameters: {"utf8"=>"✓", "authenticity_token"=>"Y4Jew4jkucLmCWfUADNYKPH1ahcD8JQU/faN7QhDHhQ=", "user"=>{"name"=>"zenghui", "email"=>"zenghui@dd.comm", "password"=>"[FILTERED]", "password_confirmation"=>"[FILTERED]"}, "commit"=>"Create my account"}
  [1m[36m (0.1ms)[0m  [1mbegin transaction[0m
  [1m[35mUser Exists (0.1ms)[0m  SELECT 1 AS one FROM "users" WHERE LOWER("users"."email") = LOWER('zenghui@dd.comm') LIMIT 1
Binary data inserted for `string` type on column `password_digest`
  [1m[36mSQL (82.5ms)[0m  [1mINSERT INTO "users" ("created_at", "email", "name", "password_digest", "remember_token", "updated_at") VALUES (?, ?, ?, ?, ?, ?)[0m  [["created_at", Thu, 21 Nov 2013 16:35:38 UTC +00:00], ["email", "zenghui@dd.comm"], ["name", "zenghui"], ["password_digest", "$2a$10$Qn9riHmBGnIjKZXb368az.gl1yA7tJHkGzrfgbD4LEyMXVQ1gUro2"], ["remember_token", "4c79236a9e4704908fdefa95ae70e48528d904c7"], ["updated_at", Thu, 21 Nov 2013 16:35:38 UTC +00:00]]
  [1m[35m (1.1ms)[0m  commit transaction
  [1m[36m (0.1ms)[0m  [1mbegin transaction[0m
  [1m[35mSQL (0.6ms)[0m  UPDATE "users" SET "remember_token" = ?, "updated_at" = ? WHERE "users"."id" = 1  [["remember_token", "526a34240ef6c3d22d853770aafb8bac3f2feed3"], ["updated_at", Thu, 21 Nov 2013 16:35:38 UTC +00:00]]
  [1m[36m (1.0ms)[0m  [1mcommit transaction[0m
Redirected to http://0.0.0.0:3000/users/1
Completed 302 Found in 192ms (ActiveRecord: 85.6ms)


Started GET "/users/1" for 127.0.0.1 at 2013-11-22 00:35:38 +0800
Processing by UsersController#show as HTML
  Parameters: {"id"=>"1"}
  [1m[35mUser Load (0.2ms)[0m  SELECT "users".* FROM "users" WHERE "users"."id" = ? LIMIT 1  [["id", "1"]]
  [1m[36m (0.4ms)[0m  [1mSELECT COUNT(*) FROM "users" INNER JOIN "relationships" ON "users"."id" = "relationships"."followed_id" WHERE "relationships"."follower_id" = ?[0m  [["follower_id", 1]]
  [1m[35m (0.2ms)[0m  SELECT COUNT(*) FROM "users" INNER JOIN "relationships" ON "users"."id" = "relationships"."follower_id" WHERE "relationships"."followed_id" = ?  [["followed_id", 1]]
  Rendered shared/_stats.html.erb (20.9ms)
  [1m[36mUser Load (0.2ms)[0m  [1mSELECT "users".* FROM "users" WHERE "users"."remember_token" = '526a34240ef6c3d22d853770aafb8bac3f2feed3' LIMIT 1[0m
  Rendered users/_follow_form.html.erb (0.6ms)
  [1m[35mMicropost Exists (0.2ms)[0m  SELECT 1 AS one FROM "microposts" WHERE "microposts"."user_id" = ? ORDER BY created_at DESC LIMIT 1  [["user_id", 1]]
  Rendered users/show.html.erb within layouts/application (35.0ms)
  Rendered layouts/_shim.html.erb (0.0ms)
  Rendered layouts/_header.html.erb (0.8ms)
  Rendered layouts/_footer.html.erb (0.2ms)
Completed 200 OK in 123ms (Views: 54.9ms | ActiveRecord: 1.7ms)


Started GET "/assets/static_pages.css?body=1" for 127.0.0.1 at 2013-11-22 00:35:39 +0800


Started GET "/assets/application.css?body=1" for 127.0.0.1 at 2013-11-22 00:35:39 +0800


Started GET "/assets/jquery.js?body=1" for 127.0.0.1 at 2013-11-22 00:35:39 +0800


Started GET "/assets/jquery_ujs.js?body=1" for 127.0.0.1 at 2013-11-22 00:35:39 +0800


Started GET "/assets/turbolinks.js?body=1" for 127.0.0.1 at 2013-11-22 00:35:39 +0800


Started GET "/assets/users.css?body=1" for 127.0.0.1 at 2013-11-22 00:35:39 +0800


Started GET "/assets/sessions.css?body=1" for 127.0.0.1 at 2013-11-22 00:35:39 +0800


Started GET "/assets/sessions.js?body=1" for 127.0.0.1 at 2013-11-22 00:35:39 +0800


Started GET "/assets/users.js?body=1" for 127.0.0.1 at 2013-11-22 00:35:39 +0800


Started GET "/assets/static_pages.js?body=1" for 127.0.0.1 at 2013-11-22 00:35:39 +0800


Started GET "/users/1" for 127.0.0.1 at 2013-11-22 00:35:48 +0800
Processing by UsersController#show as HTML
  Parameters: {"id"=>"1"}
  [1m[36mUser Load (0.2ms)[0m  [1mSELECT "users".* FROM "users" WHERE "users"."id" = ? LIMIT 1[0m  [["id", "1"]]
  [1m[35m (0.1ms)[0m  SELECT COUNT(*) FROM "users" INNER JOIN "relationships" ON "users"."id" = "relationships"."followed_id" WHERE "relationships"."follower_id" = ?  [["follower_id", 1]]
  [1m[36m (0.1ms)[0m  [1mSELECT COUNT(*) FROM "users" INNER JOIN "relationships" ON "users"."id" = "relationships"."follower_id" WHERE "relationships"."followed_id" = ?[0m  [["followed_id", 1]]
  Rendered shared/_stats.html.erb (3.5ms)
  [1m[35mUser Load (0.2ms)[0m  SELECT "users".* FROM "users" WHERE "users"."remember_token" = '526a34240ef6c3d22d853770aafb8bac3f2feed3' LIMIT 1
  Rendered users/_follow_form.html.erb (0.6ms)
  [1m[36mMicropost Exists (0.1ms)[0m  [1mSELECT 1 AS one FROM "microposts" WHERE "microposts"."user_id" = ? ORDER BY created_at DESC LIMIT 1[0m  [["user_id", 1]]
  Rendered users/show.html.erb within layouts/application (10.0ms)
  Rendered layouts/_shim.html.erb (0.1ms)
  Rendered layouts/_header.html.erb (1.0ms)
  Rendered layouts/_footer.html.erb (0.2ms)
Completed 200 OK in 30ms (Views: 26.3ms | ActiveRecord: 0.7ms)


Started GET "/users/1/edit" for 127.0.0.1 at 2013-11-22 00:35:52 +0800
Processing by UsersController#edit as HTML
  Parameters: {"id"=>"1"}
  [1m[35mUser Load (0.2ms)[0m  SELECT "users".* FROM "users" WHERE "users"."remember_token" = '526a34240ef6c3d22d853770aafb8bac3f2feed3' LIMIT 1
  [1m[36mUser Load (0.1ms)[0m  [1mSELECT "users".* FROM "users" WHERE "users"."id" = ? LIMIT 1[0m  [["id", "1"]]
  Rendered shared/_error_messages.html.erb (0.1ms)
  Rendered users/edit.html.erb within layouts/application (4.1ms)
  Rendered layouts/_shim.html.erb (0.1ms)
  Rendered layouts/_header.html.erb (0.9ms)
  Rendered layouts/_footer.html.erb (0.2ms)
Completed 200 OK in 37ms (Views: 34.1ms | ActiveRecord: 0.3ms)


Started GET "/" for 127.0.0.1 at 2013-11-22 00:36:06 +0800
Processing by StaticPagesController#home as HTML
  [1m[35mUser Load (0.2ms)[0m  SELECT "users".* FROM "users" WHERE "users"."remember_token" = '526a34240ef6c3d22d853770aafb8bac3f2feed3' LIMIT 1
  [1m[36m (0.3ms)[0m  [1mSELECT COUNT(*) FROM "microposts" WHERE "microposts"."user_id" = ?[0m  [["user_id", 1]]
  Rendered shared/_user_info.html.erb (4.4ms)
  [1m[35m (0.1ms)[0m  SELECT COUNT(*) FROM "users" INNER JOIN "relationships" ON "users"."id" = "relationships"."followed_id" WHERE "relationships"."follower_id" = ?  [["follower_id", 1]]
  [1m[36m (0.1ms)[0m  [1mSELECT COUNT(*) FROM "users" INNER JOIN "relationships" ON "users"."id" = "relationships"."follower_id" WHERE "relationships"."followed_id" = ?[0m  [["followed_id", 1]]
  Rendered shared/_stats.html.erb (3.6ms)
  Rendered shared/_error_messages.html.erb (0.1ms)
  Rendered shared/_micropost_form.html.erb (16.4ms)
  [1m[35m (0.5ms)[0m  SELECT COUNT(*) FROM "microposts" WHERE (user_id IN (SELECT followed_id FROM relationships
 WHERE follower_id = 1) OR user_id = 1)
  Rendered shared/_feed.html.erb (3.1ms)
  Rendered static_pages/home.html.erb within layouts/application (72.7ms)
  Rendered layouts/_shim.html.erb (0.1ms)
  Rendered layouts/_header.html.erb (0.7ms)
  Rendered layouts/_footer.html.erb (0.1ms)
Completed 200 OK in 104ms (Views: 92.3ms | ActiveRecord: 1.3ms)


Started POST "/microposts" for 127.0.0.1 at 2013-11-22 00:36:21 +0800
Processing by MicropostsController#create as HTML
  Parameters: {"utf8"=>"✓", "authenticity_token"=>"Y4Jew4jkucLmCWfUADNYKPH1ahcD8JQU/faN7QhDHhQ=", "micropost"=>{"content"=>"test 特色"}, "commit"=>"Post"}
  [1m[36mUser Load (0.2ms)[0m  [1mSELECT "users".* FROM "users" WHERE "users"."remember_token" = '526a34240ef6c3d22d853770aafb8bac3f2feed3' LIMIT 1[0m
  [1m[35m (0.1ms)[0m  begin transaction
  [1m[36mSQL (0.5ms)[0m  [1mINSERT INTO "microposts" ("content", "created_at", "updated_at", "user_id") VALUES (?, ?, ?, ?)[0m  [["content", "test 特色"], ["created_at", Thu, 21 Nov 2013 16:36:21 UTC +00:00], ["updated_at", Thu, 21 Nov 2013 16:36:21 UTC +00:00], ["user_id", 1]]
  [1m[35m (1.8ms)[0m  commit transaction
Redirected to http://0.0.0.0:3000/
Completed 302 Found in 9ms (ActiveRecord: 2.6ms)


Started GET "/" for 127.0.0.1 at 2013-11-22 00:36:21 +0800
Processing by StaticPagesController#home as HTML
  [1m[36mUser Load (0.2ms)[0m  [1mSELECT "users".* FROM "users" WHERE "users"."remember_token" = '526a34240ef6c3d22d853770aafb8bac3f2feed3' LIMIT 1[0m
  [1m[35m (0.2ms)[0m  SELECT COUNT(*) FROM "microposts" WHERE "microposts"."user_id" = ?  [["user_id", 1]]
  Rendered shared/_user_info.html.erb (2.8ms)
  [1m[36m (0.2ms)[0m  [1mSELECT COUNT(*) FROM "users" INNER JOIN "relationships" ON "users"."id" = "relationships"."followed_id" WHERE "relationships"."follower_id" = ?[0m  [["follower_id", 1]]
  [1m[35m (0.2ms)[0m  SELECT COUNT(*) FROM "users" INNER JOIN "relationships" ON "users"."id" = "relationships"."follower_id" WHERE "relationships"."followed_id" = ?  [["followed_id", 1]]
  Rendered shared/_stats.html.erb (3.4ms)
  Rendered shared/_error_messages.html.erb (0.1ms)
  Rendered shared/_micropost_form.html.erb (2.4ms)
  [1m[36m (0.2ms)[0m  [1mSELECT COUNT(*) FROM "microposts" WHERE (user_id IN (SELECT followed_id FROM relationships
 WHERE follower_id = 1) OR user_id = 1)[0m
  [1m[35mMicropost Load (0.2ms)[0m  SELECT "microposts".* FROM "microposts" WHERE (user_id IN (SELECT followed_id FROM relationships
 WHERE follower_id = 1) OR user_id = 1) ORDER BY created_at DESC LIMIT 30 OFFSET 0
  [1m[36mUser Load (0.3ms)[0m  [1mSELECT "users".* FROM "users" WHERE "users"."id" = ? ORDER BY "users"."id" ASC LIMIT 1[0m  [["id", 1]]
  Rendered shared/_feed_item.html.erb (39.3ms)
  Rendered shared/_feed.html.erb (46.5ms)
  Rendered static_pages/home.html.erb within layouts/application (58.6ms)
  Rendered layouts/_shim.html.erb (0.1ms)
  Rendered layouts/_header.html.erb (0.6ms)
  Rendered layouts/_footer.html.erb (0.3ms)
Completed 200 OK in 74ms (Views: 70.2ms | ActiveRecord: 1.4ms)


Started GET "/assets/static_pages.css?body=1" for 127.0.0.1 at 2013-11-22 00:36:21 +0800


Started GET "/assets/users.css?body=1" for 127.0.0.1 at 2013-11-22 00:36:21 +0800


Started GET "/assets/application.css?body=1" for 127.0.0.1 at 2013-11-22 00:36:21 +0800


Started GET "/assets/sessions.css?body=1" for 127.0.0.1 at 2013-11-22 00:36:21 +0800


Started GET "/assets/jquery.js?body=1" for 127.0.0.1 at 2013-11-22 00:36:21 +0800


Started GET "/assets/jquery_ujs.js?body=1" for 127.0.0.1 at 2013-11-22 00:36:21 +0800


Started GET "/assets/turbolinks.js?body=1" for 127.0.0.1 at 2013-11-22 00:36:21 +0800


Started GET "/assets/bootstrap-transition.js?body=1" for 127.0.0.1 at 2013-11-22 00:36:21 +0800


Started GET "/assets/bootstrap-alert.js?body=1" for 127.0.0.1 at 2013-11-22 00:36:21 +0800


Started GET "/assets/bootstrap-affix.js?body=1" for 127.0.0.1 at 2013-11-22 00:36:21 +0800


Started GET "/assets/bootstrap-carousel.js?body=1" for 127.0.0.1 at 2013-11-22 00:36:21 +0800


Started GET "/assets/bootstrap-button.js?body=1" for 127.0.0.1 at 2013-11-22 00:36:21 +0800


Started GET "/assets/bootstrap-collapse.js?body=1" for 127.0.0.1 at 2013-11-22 00:36:21 +0800


Started GET "/assets/bootstrap-dropdown.js?body=1" for 127.0.0.1 at 2013-11-22 00:36:21 +0800


Started GET "/assets/bootstrap-modal.js?body=1" for 127.0.0.1 at 2013-11-22 00:36:21 +0800


Started GET "/assets/bootstrap-scrollspy.js?body=1" for 127.0.0.1 at 2013-11-22 00:36:21 +0800


Started GET "/assets/bootstrap-tab.js?body=1" for 127.0.0.1 at 2013-11-22 00:36:21 +0800


Started GET "/assets/bootstrap-tooltip.js?body=1" for 127.0.0.1 at 2013-11-22 00:36:21 +0800


Started GET "/assets/bootstrap-typeahead.js?body=1" for 127.0.0.1 at 2013-11-22 00:36:21 +0800


Started GET "/assets/bootstrap-popover.js?body=1" for 127.0.0.1 at 2013-11-22 00:36:21 +0800


Started GET "/assets/bootstrap.js?body=1" for 127.0.0.1 at 2013-11-22 00:36:21 +0800


Started GET "/assets/sessions.js?body=1" for 127.0.0.1 at 2013-11-22 00:36:21 +0800


Started GET "/assets/static_pages.js?body=1" for 127.0.0.1 at 2013-11-22 00:36:21 +0800


Started GET "/assets/users.js?body=1" for 127.0.0.1 at 2013-11-22 00:36:21 +0800


Started POST "/microposts" for 127.0.0.1 at 2013-11-22 00:36:24 +0800
Processing by MicropostsController#create as HTML
  Parameters: {"utf8"=>"✓", "authenticity_token"=>"Y4Jew4jkucLmCWfUADNYKPH1ahcD8JQU/faN7QhDHhQ=", "micropost"=>{"content"=>""}, "commit"=>"Post"}
  [1m[35mUser Load (0.2ms)[0m  SELECT "users".* FROM "users" WHERE "users"."remember_token" = '526a34240ef6c3d22d853770aafb8bac3f2feed3' LIMIT 1
  [1m[36m (0.1ms)[0m  [1mbegin transaction[0m
  [1m[35m (0.1ms)[0m  rollback transaction
  [1m[36m (0.1ms)[0m  [1mSELECT COUNT(*) FROM "microposts" WHERE "microposts"."user_id" = ?[0m  [["user_id", 1]]
  Rendered shared/_user_info.html.erb (2.0ms)
  [1m[35m (0.1ms)[0m  SELECT COUNT(*) FROM "users" INNER JOIN "relationships" ON "users"."id" = "relationships"."followed_id" WHERE "relationships"."follower_id" = ?  [["follower_id", 1]]
  [1m[36m (0.1ms)[0m  [1mSELECT COUNT(*) FROM "users" INNER JOIN "relationships" ON "users"."id" = "relationships"."follower_id" WHERE "relationships"."followed_id" = ?[0m  [["followed_id", 1]]
  Rendered shared/_stats.html.erb (2.6ms)
  Rendered shared/_error_messages.html.erb (0.6ms)
  Rendered shared/_micropost_form.html.erb (2.1ms)
  Rendered shared/_feed.html.erb (0.0ms)
  Rendered static_pages/home.html.erb within layouts/application (9.3ms)
  Rendered layouts/_shim.html.erb (0.1ms)
  Rendered layouts/_header.html.erb (1.9ms)
  Rendered layouts/_footer.html.erb (0.3ms)
Completed 200 OK in 31ms (Views: 25.9ms | ActiveRecord: 0.7ms)


Started GET "/assets/sessions.css?body=1" for 127.0.0.1 at 2013-11-22 00:36:24 +0800


Started GET "/assets/static_pages.css?body=1" for 127.0.0.1 at 2013-11-22 00:36:24 +0800


Started GET "/assets/application.css?body=1" for 127.0.0.1 at 2013-11-22 00:36:24 +0800


Started GET "/assets/jquery_ujs.js?body=1" for 127.0.0.1 at 2013-11-22 00:36:24 +0800


Started GET "/assets/jquery.js?body=1" for 127.0.0.1 at 2013-11-22 00:36:24 +0800


Started GET "/assets/users.css?body=1" for 127.0.0.1 at 2013-11-22 00:36:24 +0800


Started GET "/assets/turbolinks.js?body=1" for 127.0.0.1 at 2013-11-22 00:36:24 +0800


Started GET "/assets/bootstrap-transition.js?body=1" for 127.0.0.1 at 2013-11-22 00:36:24 +0800


Started GET "/assets/bootstrap-affix.js?body=1" for 127.0.0.1 at 2013-11-22 00:36:24 +0800


Started GET "/assets/bootstrap-alert.js?body=1" for 127.0.0.1 at 2013-11-22 00:36:24 +0800


Started GET "/assets/bootstrap-button.js?body=1" for 127.0.0.1 at 2013-11-22 00:36:24 +0800


Started GET "/assets/bootstrap-carousel.js?body=1" for 127.0.0.1 at 2013-11-22 00:36:24 +0800


Started GET "/assets/bootstrap-dropdown.js?body=1" for 127.0.0.1 at 2013-11-22 00:36:24 +0800


Started GET "/assets/bootstrap-collapse.js?body=1" for 127.0.0.1 at 2013-11-22 00:36:24 +0800


Started GET "/assets/bootstrap-scrollspy.js?body=1" for 127.0.0.1 at 2013-11-22 00:36:24 +0800


Started GET "/assets/bootstrap-tab.js?body=1" for 127.0.0.1 at 2013-11-22 00:36:24 +0800


Started GET "/assets/bootstrap-modal.js?body=1" for 127.0.0.1 at 2013-11-22 00:36:24 +0800


Started GET "/assets/bootstrap-tooltip.js?body=1" for 127.0.0.1 at 2013-11-22 00:36:24 +0800


Started GET "/assets/bootstrap-popover.js?body=1" for 127.0.0.1 at 2013-11-22 00:36:24 +0800


Started GET "/assets/bootstrap-typeahead.js?body=1" for 127.0.0.1 at 2013-11-22 00:36:24 +0800


Started GET "/assets/bootstrap.js?body=1" for 127.0.0.1 at 2013-11-22 00:36:24 +0800


Started GET "/assets/static_pages.js?body=1" for 127.0.0.1 at 2013-11-22 00:36:24 +0800


Started GET "/assets/sessions.js?body=1" for 127.0.0.1 at 2013-11-22 00:36:24 +0800


Started GET "/assets/users.js?body=1" for 127.0.0.1 at 2013-11-22 00:36:24 +0800


Started POST "/microposts" for 127.0.0.1 at 2013-11-22 00:36:32 +0800
Processing by MicropostsController#create as HTML
  Parameters: {"utf8"=>"✓", "authenticity_token"=>"Y4Jew4jkucLmCWfUADNYKPH1ahcD8JQU/faN7QhDHhQ=", "micropost"=>{"content"=>"我在测试"}, "commit"=>"Post"}
  [1m[35mUser Load (0.3ms)[0m  SELECT "users".* FROM "users" WHERE "users"."remember_token" = '526a34240ef6c3d22d853770aafb8bac3f2feed3' LIMIT 1
  [1m[36m (1.0ms)[0m  [1mbegin transaction[0m
  [1m[35mSQL (0.5ms)[0m  INSERT INTO "microposts" ("content", "created_at", "updated_at", "user_id") VALUES (?, ?, ?, ?)  [["content", "我在测试"], ["created_at", Thu, 21 Nov 2013 16:36:32 UTC +00:00], ["updated_at", Thu, 21 Nov 2013 16:36:32 UTC +00:00], ["user_id", 1]]
  [1m[36m (1.3ms)[0m  [1mcommit transaction[0m
Redirected to http://0.0.0.0:3000/
Completed 302 Found in 13ms (ActiveRecord: 3.1ms)


Started GET "/" for 127.0.0.1 at 2013-11-22 00:36:32 +0800
Processing by StaticPagesController#home as HTML
  [1m[35mUser Load (0.4ms)[0m  SELECT "users".* FROM "users" WHERE "users"."remember_token" = '526a34240ef6c3d22d853770aafb8bac3f2feed3' LIMIT 1
  [1m[36m (0.3ms)[0m  [1mSELECT COUNT(*) FROM "microposts" WHERE "microposts"."user_id" = ?[0m  [["user_id", 1]]
  Rendered shared/_user_info.html.erb (3.1ms)
  [1m[35m (0.2ms)[0m  SELECT COUNT(*) FROM "users" INNER JOIN "relationships" ON "users"."id" = "relationships"."followed_id" WHERE "relationships"."follower_id" = ?  [["follower_id", 1]]
  [1m[36m (0.2ms)[0m  [1mSELECT COUNT(*) FROM "users" INNER JOIN "relationships" ON "users"."id" = "relationships"."follower_id" WHERE "relationships"."followed_id" = ?[0m  [["followed_id", 1]]
  Rendered shared/_stats.html.erb (5.9ms)
  Rendered shared/_error_messages.html.erb (0.1ms)
  Rendered shared/_micropost_form.html.erb (3.7ms)
  [1m[35m (0.4ms)[0m  SELECT COUNT(*) FROM "microposts" WHERE (user_id IN (SELECT followed_id FROM relationships
 WHERE follower_id = 1) OR user_id = 1)
  [1m[36mMicropost Load (0.3ms)[0m  [1mSELECT "microposts".* FROM "microposts" WHERE (user_id IN (SELECT followed_id FROM relationships
 WHERE follower_id = 1) OR user_id = 1) ORDER BY created_at DESC LIMIT 30 OFFSET 0[0m
  [1m[35mUser Load (0.1ms)[0m  SELECT "users".* FROM "users" WHERE "users"."id" = ? ORDER BY "users"."id" ASC LIMIT 1  [["id", 1]]
  [1m[36mCACHE (0.0ms)[0m  [1mSELECT "users".* FROM "users" WHERE "users"."id" = ? ORDER BY "users"."id" ASC LIMIT 1[0m  [["id", 1]]
  Rendered shared/_feed_item.html.erb (3.7ms)
  Rendered shared/_feed.html.erb (8.5ms)
  Rendered static_pages/home.html.erb within layouts/application (29.0ms)
  Rendered layouts/_shim.html.erb (0.1ms)
  Rendered layouts/_header.html.erb (0.7ms)
  Rendered layouts/_footer.html.erb (0.2ms)
Completed 200 OK in 47ms (Views: 42.0ms | ActiveRecord: 1.9ms)


Started GET "/assets/static_pages.css?body=1" for 127.0.0.1 at 2013-11-22 00:36:32 +0800


Started GET "/assets/application.css?body=1" for 127.0.0.1 at 2013-11-22 00:36:32 +0800


Started GET "/assets/sessions.css?body=1" for 127.0.0.1 at 2013-11-22 00:36:32 +0800


Started GET "/assets/jquery.js?body=1" for 127.0.0.1 at 2013-11-22 00:36:32 +0800


Started GET "/assets/users.css?body=1" for 127.0.0.1 at 2013-11-22 00:36:32 +0800


Started GET "/assets/jquery_ujs.js?body=1" for 127.0.0.1 at 2013-11-22 00:36:32 +0800


Started GET "/assets/turbolinks.js?body=1" for 127.0.0.1 at 2013-11-22 00:36:32 +0800


Started GET "/assets/bootstrap-affix.js?body=1" for 127.0.0.1 at 2013-11-22 00:36:32 +0800


Started GET "/assets/bootstrap-transition.js?body=1" for 127.0.0.1 at 2013-11-22 00:36:32 +0800


Started GET "/assets/bootstrap-alert.js?body=1" for 127.0.0.1 at 2013-11-22 00:36:32 +0800


Started GET "/assets/bootstrap-button.js?body=1" for 127.0.0.1 at 2013-11-22 00:36:32 +0800


Started GET "/assets/bootstrap-carousel.js?body=1" for 127.0.0.1 at 2013-11-22 00:36:32 +0800


Started GET "/assets/bootstrap-collapse.js?body=1" for 127.0.0.1 at 2013-11-22 00:36:32 +0800


Started GET "/assets/bootstrap-scrollspy.js?body=1" for 127.0.0.1 at 2013-11-22 00:36:33 +0800


Started GET "/assets/bootstrap-dropdown.js?body=1" for 127.0.0.1 at 2013-11-22 00:36:33 +0800


Started GET "/assets/bootstrap-modal.js?body=1" for 127.0.0.1 at 2013-11-22 00:36:33 +0800


Started GET "/assets/bootstrap-tab.js?body=1" for 127.0.0.1 at 2013-11-22 00:36:33 +0800


Started GET "/assets/bootstrap-tooltip.js?body=1" for 127.0.0.1 at 2013-11-22 00:36:33 +0800


Started GET "/assets/bootstrap-popover.js?body=1" for 127.0.0.1 at 2013-11-22 00:36:33 +0800


Started GET "/assets/bootstrap-typeahead.js?body=1" for 127.0.0.1 at 2013-11-22 00:36:33 +0800


Started GET "/assets/bootstrap.js?body=1" for 127.0.0.1 at 2013-11-22 00:36:33 +0800


Started GET "/assets/sessions.js?body=1" for 127.0.0.1 at 2013-11-22 00:36:33 +0800


Started GET "/assets/static_pages.js?body=1" for 127.0.0.1 at 2013-11-22 00:36:33 +0800


Started GET "/assets/users.js?body=1" for 127.0.0.1 at 2013-11-22 00:36:33 +0800


Started GET "/" for 127.0.0.1 at 2013-11-22 00:36:38 +0800
Processing by StaticPagesController#home as HTML
  [1m[35mUser Load (0.3ms)[0m  SELECT "users".* FROM "users" WHERE "users"."remember_token" = '526a34240ef6c3d22d853770aafb8bac3f2feed3' LIMIT 1
  [1m[36m (0.3ms)[0m  [1mSELECT COUNT(*) FROM "microposts" WHERE "microposts"."user_id" = ?[0m  [["user_id", 1]]
  Rendered shared/_user_info.html.erb (11.5ms)
  [1m[35m (0.2ms)[0m  SELECT COUNT(*) FROM "users" INNER JOIN "relationships" ON "users"."id" = "relationships"."followed_id" WHERE "relationships"."follower_id" = ?  [["follower_id", 1]]
  [1m[36m (0.2ms)[0m  [1mSELECT COUNT(*) FROM "users" INNER JOIN "relationships" ON "users"."id" = "relationships"."follower_id" WHERE "relationships"."followed_id" = ?[0m  [["followed_id", 1]]
  Rendered shared/_stats.html.erb (4.2ms)
  Rendered shared/_error_messages.html.erb (0.1ms)
  Rendered shared/_micropost_form.html.erb (2.9ms)
  [1m[35m (0.3ms)[0m  SELECT COUNT(*) FROM "microposts" WHERE (user_id IN (SELECT followed_id FROM relationships
 WHERE follower_id = 1) OR user_id = 1)
  [1m[36mMicropost Load (0.2ms)[0m  [1mSELECT "microposts".* FROM "microposts" WHERE (user_id IN (SELECT followed_id FROM relationships
 WHERE follower_id = 1) OR user_id = 1) ORDER BY created_at DESC LIMIT 30 OFFSET 0[0m
  [1m[35mUser Load (0.2ms)[0m  SELECT "users".* FROM "users" WHERE "users"."id" = ? ORDER BY "users"."id" ASC LIMIT 1  [["id", 1]]
  [1m[36mCACHE (0.0ms)[0m  [1mSELECT "users".* FROM "users" WHERE "users"."id" = ? ORDER BY "users"."id" ASC LIMIT 1[0m  [["id", 1]]
  Rendered shared/_feed_item.html.erb (4.8ms)
  Rendered shared/_feed.html.erb (9.6ms)
  Rendered static_pages/home.html.erb within layouts/application (33.2ms)
  Rendered layouts/_shim.html.erb (0.0ms)
  Rendered layouts/_header.html.erb (0.6ms)
  Rendered layouts/_footer.html.erb (0.1ms)
Completed 200 OK in 53ms (Views: 48.0ms | ActiveRecord: 1.6ms)


Started GET "/users/1" for 127.0.0.1 at 2013-11-22 00:36:42 +0800
Processing by UsersController#show as HTML
  Parameters: {"id"=>"1"}
  [1m[35mUser Load (0.2ms)[0m  SELECT "users".* FROM "users" WHERE "users"."id" = ? LIMIT 1  [["id", "1"]]
  [1m[36m (0.2ms)[0m  [1mSELECT COUNT(*) FROM "users" INNER JOIN "relationships" ON "users"."id" = "relationships"."followed_id" WHERE "relationships"."follower_id" = ?[0m  [["follower_id", 1]]
  [1m[35m (0.1ms)[0m  SELECT COUNT(*) FROM "users" INNER JOIN "relationships" ON "users"."id" = "relationships"."follower_id" WHERE "relationships"."followed_id" = ?  [["followed_id", 1]]
  Rendered shared/_stats.html.erb (4.3ms)
  [1m[36mUser Load (0.2ms)[0m  [1mSELECT "users".* FROM "users" WHERE "users"."remember_token" = '526a34240ef6c3d22d853770aafb8bac3f2feed3' LIMIT 1[0m
  Rendered users/_follow_form.html.erb (0.1ms)
  [1m[35mMicropost Exists (0.2ms)[0m  SELECT 1 AS one FROM "microposts" WHERE "microposts"."user_id" = ? ORDER BY created_at DESC LIMIT 1  [["user_id", 1]]
  [1m[36m (0.2ms)[0m  [1mSELECT COUNT(*) FROM "microposts" WHERE "microposts"."user_id" = ?[0m  [["user_id", 1]]
  [1m[35mMicropost Load (0.3ms)[0m  SELECT "microposts".* FROM "microposts" WHERE "microposts"."user_id" = ? ORDER BY created_at DESC LIMIT 30 OFFSET 0  [["user_id", 1]]
  [1m[36mUser Load (0.1ms)[0m  [1mSELECT "users".* FROM "users" WHERE "users"."id" = ? ORDER BY "users"."id" ASC LIMIT 1[0m  [["id", 1]]
  [1m[35mCACHE (0.0ms)[0m  SELECT "users".* FROM "users" WHERE "users"."id" = ? ORDER BY "users"."id" ASC LIMIT 1  [["id", 1]]
  Rendered microposts/_micropost.html.erb (4.2ms)
  Rendered users/show.html.erb within layouts/application (42.4ms)
  Rendered layouts/_shim.html.erb (0.0ms)
  Rendered layouts/_header.html.erb (1.1ms)
  Rendered layouts/_footer.html.erb (0.2ms)
Completed 200 OK in 61ms (Views: 54.9ms | ActiveRecord: 1.5ms)


Started GET "/about" for 127.0.0.1 at 2013-11-22 00:36:49 +0800
Processing by StaticPagesController#about as HTML
  Rendered static_pages/about.html.erb within layouts/application (0.4ms)
  Rendered layouts/_shim.html.erb (0.0ms)
  [1m[36mUser Load (0.2ms)[0m  [1mSELECT "users".* FROM "users" WHERE "users"."remember_token" = '526a34240ef6c3d22d853770aafb8bac3f2feed3' LIMIT 1[0m
  Rendered layouts/_header.html.erb (1.8ms)
  Rendered layouts/_footer.html.erb (0.1ms)
Completed 200 OK in 25ms (Views: 24.4ms | ActiveRecord: 0.2ms)


Started GET "/contact" for 127.0.0.1 at 2013-11-22 00:36:52 +0800
Processing by StaticPagesController#contact as HTML
  Rendered static_pages/contact.html.erb within layouts/application (0.4ms)
  Rendered layouts/_shim.html.erb (0.1ms)
  [1m[35mUser Load (0.2ms)[0m  SELECT "users".* FROM "users" WHERE "users"."remember_token" = '526a34240ef6c3d22d853770aafb8bac3f2feed3' LIMIT 1
  Rendered layouts/_header.html.erb (1.9ms)
  Rendered layouts/_footer.html.erb (0.3ms)
Completed 200 OK in 38ms (Views: 35.6ms | ActiveRecord: 0.2ms)


Started GET "/" for 127.0.0.1 at 2013-11-22 00:40:38 +0800
Processing by StaticPagesController#home as HTML
  [1m[36mUser Load (0.2ms)[0m  [1mSELECT "users".* FROM "users" WHERE "users"."remember_token" = '526a34240ef6c3d22d853770aafb8bac3f2feed3' LIMIT 1[0m
  [1m[35m (0.2ms)[0m  SELECT COUNT(*) FROM "microposts" WHERE "microposts"."user_id" = ?  [["user_id", 1]]
  Rendered shared/_user_info.html.erb (2.9ms)
  [1m[36m (0.2ms)[0m  [1mSELECT COUNT(*) FROM "users" INNER JOIN "relationships" ON "users"."id" = "relationships"."followed_id" WHERE "relationships"."follower_id" = ?[0m  [["follower_id", 1]]
  [1m[35m (0.2ms)[0m  SELECT COUNT(*) FROM "users" INNER JOIN "relationships" ON "users"."id" = "relationships"."follower_id" WHERE "relationships"."followed_id" = ?  [["followed_id", 1]]
  Rendered shared/_stats.html.erb (3.6ms)
  Rendered shared/_error_messages.html.erb (0.0ms)
  Rendered shared/_micropost_form.html.erb (1.8ms)
  [1m[36m (0.4ms)[0m  [1mSELECT COUNT(*) FROM "microposts" WHERE (user_id IN (SELECT followed_id FROM relationships
 WHERE follower_id = 1) OR user_id = 1)[0m
  [1m[35mMicropost Load (0.4ms)[0m  SELECT "microposts".* FROM "microposts" WHERE (user_id IN (SELECT followed_id FROM relationships
 WHERE follower_id = 1) OR user_id = 1) ORDER BY created_at DESC LIMIT 30 OFFSET 0
  [1m[36mUser Load (0.1ms)[0m  [1mSELECT "users".* FROM "users" WHERE "users"."id" = ? ORDER BY "users"."id" ASC LIMIT 1[0m  [["id", 1]]
  [1m[35mCACHE (0.0ms)[0m  SELECT "users".* FROM "users" WHERE "users"."id" = ? ORDER BY "users"."id" ASC LIMIT 1  [["id", 1]]
  Rendered shared/_feed_item.html.erb (3.9ms)
  Rendered shared/_feed.html.erb (57.1ms)
  Rendered static_pages/home.html.erb within layouts/application (69.6ms)
  Rendered layouts/_shim.html.erb (0.1ms)
  Rendered layouts/_header.html.erb (0.7ms)
  Rendered layouts/_footer.html.erb (0.1ms)
Completed 200 OK in 115ms (Views: 83.2ms | ActiveRecord: 1.5ms)


Started GET "/assets/application.css?body=1" for 127.0.0.1 at 2013-11-22 00:40:38 +0800


Started GET "/assets/custom.css?body=1" for 127.0.0.1 at 2013-11-22 00:40:38 +0800


Started GET "/assets/sessions.css?body=1" for 127.0.0.1 at 2013-11-22 00:40:38 +0800


Started GET "/assets/users.css?body=1" for 127.0.0.1 at 2013-11-22 00:40:38 +0800


Started GET "/assets/jquery.js?body=1" for 127.0.0.1 at 2013-11-22 00:40:38 +0800


Started GET "/assets/static_pages.css?body=1" for 127.0.0.1 at 2013-11-22 00:40:38 +0800


Started GET "/assets/jquery_ujs.js?body=1" for 127.0.0.1 at 2013-11-22 00:40:38 +0800


Started GET "/assets/turbolinks.js?body=1" for 127.0.0.1 at 2013-11-22 00:40:38 +0800


Started GET "/assets/bootstrap-transition.js?body=1" for 127.0.0.1 at 2013-11-22 00:40:38 +0800


Started GET "/assets/bootstrap-affix.js?body=1" for 127.0.0.1 at 2013-11-22 00:40:38 +0800


Started GET "/assets/bootstrap-alert.js?body=1" for 127.0.0.1 at 2013-11-22 00:40:38 +0800


Started GET "/assets/bootstrap-button.js?body=1" for 127.0.0.1 at 2013-11-22 00:40:38 +0800


Started GET "/assets/bootstrap-carousel.js?body=1" for 127.0.0.1 at 2013-11-22 00:40:38 +0800


Started GET "/assets/bootstrap-collapse.js?body=1" for 127.0.0.1 at 2013-11-22 00:40:38 +0800


Started GET "/assets/bootstrap-dropdown.js?body=1" for 127.0.0.1 at 2013-11-22 00:40:38 +0800


Started GET "/assets/bootstrap-modal.js?body=1" for 127.0.0.1 at 2013-11-22 00:40:38 +0800


Started GET "/assets/bootstrap-scrollspy.js?body=1" for 127.0.0.1 at 2013-11-22 00:40:38 +0800


Started GET "/assets/bootstrap-tab.js?body=1" for 127.0.0.1 at 2013-11-22 00:40:38 +0800


Started GET "/assets/bootstrap.js?body=1" for 127.0.0.1 at 2013-11-22 00:40:38 +0800


Started GET "/assets/bootstrap-popover.js?body=1" for 127.0.0.1 at 2013-11-22 00:40:38 +0800


Started GET "/assets/bootstrap-typeahead.js?body=1" for 127.0.0.1 at 2013-11-22 00:40:38 +0800


Started GET "/assets/bootstrap-tooltip.js?body=1" for 127.0.0.1 at 2013-11-22 00:40:38 +0800


Started GET "/assets/sessions.js?body=1" for 127.0.0.1 at 2013-11-22 00:40:38 +0800


Started GET "/assets/static_pages.js?body=1" for 127.0.0.1 at 2013-11-22 00:40:38 +0800


Started GET "/assets/users.js?body=1" for 127.0.0.1 at 2013-11-22 00:40:38 +0800


Started GET "/assets/application.js?body=1" for 127.0.0.1 at 2013-11-22 00:40:38 +0800


Started POST "/microposts" for 127.0.0.1 at 2013-11-22 00:43:39 +0800
Processing by MicropostsController#create as HTML
  Parameters: {"utf8"=>"✓", "authenticity_token"=>"Y4Jew4jkucLmCWfUADNYKPH1ahcD8JQU/faN7QhDHhQ=", "micropost"=>{"content"=>"yyyyyy"}, "commit"=>"Post"}
  [1m[36mUser Load (0.6ms)[0m  [1mSELECT "users".* FROM "users" WHERE "users"."remember_token" = '526a34240ef6c3d22d853770aafb8bac3f2feed3' LIMIT 1[0m
  [1m[35m (0.1ms)[0m  begin transaction
  [1m[36mSQL (0.5ms)[0m  [1mINSERT INTO "microposts" ("content", "created_at", "updated_at", "user_id") VALUES (?, ?, ?, ?)[0m  [["content", "yyyyyy"], ["created_at", Thu, 21 Nov 2013 16:43:39 UTC +00:00], ["updated_at", Thu, 21 Nov 2013 16:43:39 UTC +00:00], ["user_id", 1]]
  [1m[35m (1.6ms)[0m  commit transaction
Redirected to http://0.0.0.0:3000/
Completed 302 Found in 9ms (ActiveRecord: 2.8ms)


Started GET "/" for 127.0.0.1 at 2013-11-22 00:43:39 +0800
Processing by StaticPagesController#home as HTML
  [1m[36mUser Load (0.2ms)[0m  [1mSELECT "users".* FROM "users" WHERE "users"."remember_token" = '526a34240ef6c3d22d853770aafb8bac3f2feed3' LIMIT 1[0m
  [1m[35m (0.2ms)[0m  SELECT COUNT(*) FROM "microposts" WHERE "microposts"."user_id" = ?  [["user_id", 1]]
  Rendered shared/_user_info.html.erb (2.2ms)
  [1m[36m (0.1ms)[0m  [1mSELECT COUNT(*) FROM "users" INNER JOIN "relationships" ON "users"."id" = "relationships"."followed_id" WHERE "relationships"."follower_id" = ?[0m  [["follower_id", 1]]
  [1m[35m (0.1ms)[0m  SELECT COUNT(*) FROM "users" INNER JOIN "relationships" ON "users"."id" = "relationships"."follower_id" WHERE "relationships"."followed_id" = ?  [["followed_id", 1]]
  Rendered shared/_stats.html.erb (2.8ms)
  Rendered shared/_error_messages.html.erb (0.1ms)
  Rendered shared/_micropost_form.html.erb (2.3ms)
  [1m[36m (0.3ms)[0m  [1mSELECT COUNT(*) FROM "microposts" WHERE (user_id IN (SELECT followed_id FROM relationships
 WHERE follower_id = 1) OR user_id = 1)[0m
  [1m[35mMicropost Load (0.2ms)[0m  SELECT "microposts".* FROM "microposts" WHERE (user_id IN (SELECT followed_id FROM relationships
 WHERE follower_id = 1) OR user_id = 1) ORDER BY created_at DESC LIMIT 30 OFFSET 0
  [1m[36mUser Load (0.1ms)[0m  [1mSELECT "users".* FROM "users" WHERE "users"."id" = ? ORDER BY "users"."id" ASC LIMIT 1[0m  [["id", 1]]
  [1m[35mCACHE (0.0ms)[0m  SELECT "users".* FROM "users" WHERE "users"."id" = ? ORDER BY "users"."id" ASC LIMIT 1  [["id", 1]]
  [1m[36mCACHE (0.0ms)[0m  [1mSELECT "users".* FROM "users" WHERE "users"."id" = ? ORDER BY "users"."id" ASC LIMIT 1[0m  [["id", 1]]
  Rendered shared/_feed_item.html.erb (5.7ms)
  Rendered shared/_feed.html.erb (9.4ms)
  Rendered static_pages/home.html.erb within layouts/application (20.0ms)
  Rendered layouts/_shim.html.erb (0.1ms)
  Rendered layouts/_header.html.erb (0.7ms)
  Rendered layouts/_footer.html.erb (0.1ms)
Completed 200 OK in 43ms (Views: 38.8ms | ActiveRecord: 1.3ms)


Started GET "/assets/application.css?body=1" for 127.0.0.1 at 2013-11-22 00:43:39 +0800


Started GET "/assets/sessions.css?body=1" for 127.0.0.1 at 2013-11-22 00:43:39 +0800


Started GET "/assets/jquery_ujs.js?body=1" for 127.0.0.1 at 2013-11-22 00:43:39 +0800


Started GET "/assets/static_pages.css?body=1" for 127.0.0.1 at 2013-11-22 00:43:39 +0800


Started GET "/assets/users.css?body=1" for 127.0.0.1 at 2013-11-22 00:43:39 +0800


Started GET "/assets/custom.css?body=1" for 127.0.0.1 at 2013-11-22 00:43:39 +0800


Started GET "/assets/jquery.js?body=1" for 127.0.0.1 at 2013-11-22 00:43:39 +0800


Started GET "/assets/turbolinks.js?body=1" for 127.0.0.1 at 2013-11-22 00:43:39 +0800


Started GET "/assets/bootstrap-transition.js?body=1" for 127.0.0.1 at 2013-11-22 00:43:39 +0800


Started GET "/assets/bootstrap-affix.js?body=1" for 127.0.0.1 at 2013-11-22 00:43:39 +0800


Started GET "/assets/bootstrap-alert.js?body=1" for 127.0.0.1 at 2013-11-22 00:43:39 +0800


Started GET "/assets/bootstrap-carousel.js?body=1" for 127.0.0.1 at 2013-11-22 00:43:39 +0800


Started GET "/assets/bootstrap-button.js?body=1" for 127.0.0.1 at 2013-11-22 00:43:39 +0800


Started GET "/assets/bootstrap-collapse.js?body=1" for 127.0.0.1 at 2013-11-22 00:43:39 +0800


Started GET "/assets/bootstrap-dropdown.js?body=1" for 127.0.0.1 at 2013-11-22 00:43:39 +0800


Started GET "/assets/bootstrap-modal.js?body=1" for 127.0.0.1 at 2013-11-22 00:43:39 +0800


Started GET "/assets/bootstrap-scrollspy.js?body=1" for 127.0.0.1 at 2013-11-22 00:43:39 +0800


Started GET "/assets/bootstrap-tab.js?body=1" for 127.0.0.1 at 2013-11-22 00:43:39 +0800


Started GET "/assets/bootstrap-typeahead.js?body=1" for 127.0.0.1 at 2013-11-22 00:43:39 +0800


Started GET "/assets/bootstrap-popover.js?body=1" for 127.0.0.1 at 2013-11-22 00:43:39 +0800


Started GET "/assets/bootstrap-tooltip.js?body=1" for 127.0.0.1 at 2013-11-22 00:43:39 +0800


Started GET "/assets/bootstrap.js?body=1" for 127.0.0.1 at 2013-11-22 00:43:39 +0800


Started GET "/assets/sessions.js?body=1" for 127.0.0.1 at 2013-11-22 00:43:39 +0800


Started GET "/assets/static_pages.js?body=1" for 127.0.0.1 at 2013-11-22 00:43:39 +0800


Started GET "/assets/users.js?body=1" for 127.0.0.1 at 2013-11-22 00:43:39 +0800


Started GET "/assets/application.js?body=1" for 127.0.0.1 at 2013-11-22 00:43:39 +0800


Started POST "/microposts" for 127.0.0.1 at 2013-11-22 00:43:56 +0800
Processing by MicropostsController#create as HTML
  Parameters: {"utf8"=>"✓", "authenticity_token"=>"Y4Jew4jkucLmCWfUADNYKPH1ahcD8JQU/faN7QhDHhQ=", "micropost"=>{"content"=>"jjjjj"}, "commit"=>"Post"}
  [1m[35mUser Load (0.2ms)[0m  SELECT "users".* FROM "users" WHERE "users"."remember_token" = '526a34240ef6c3d22d853770aafb8bac3f2feed3' LIMIT 1
  [1m[36m (0.1ms)[0m  [1mbegin transaction[0m
  [1m[35mSQL (0.4ms)[0m  INSERT INTO "microposts" ("content", "created_at", "updated_at", "user_id") VALUES (?, ?, ?, ?)  [["content", "jjjjj"], ["created_at", Thu, 21 Nov 2013 16:43:56 UTC +00:00], ["updated_at", Thu, 21 Nov 2013 16:43:56 UTC +00:00], ["user_id", 1]]
  [1m[36m (1.0ms)[0m  [1mcommit transaction[0m
Redirected to http://0.0.0.0:3000/
Completed 302 Found in 6ms (ActiveRecord: 1.6ms)


Started GET "/" for 127.0.0.1 at 2013-11-22 00:43:56 +0800
Processing by StaticPagesController#home as HTML
  [1m[35mUser Load (0.3ms)[0m  SELECT "users".* FROM "users" WHERE "users"."remember_token" = '526a34240ef6c3d22d853770aafb8bac3f2feed3' LIMIT 1
  [1m[36m (0.2ms)[0m  [1mSELECT COUNT(*) FROM "microposts" WHERE "microposts"."user_id" = ?[0m  [["user_id", 1]]
  Rendered shared/_user_info.html.erb (3.6ms)
  [1m[35m (0.2ms)[0m  SELECT COUNT(*) FROM "users" INNER JOIN "relationships" ON "users"."id" = "relationships"."followed_id" WHERE "relationships"."follower_id" = ?  [["follower_id", 1]]
  [1m[36m (0.1ms)[0m  [1mSELECT COUNT(*) FROM "users" INNER JOIN "relationships" ON "users"."id" = "relationships"."follower_id" WHERE "relationships"."followed_id" = ?[0m  [["followed_id", 1]]
  Rendered shared/_stats.html.erb (4.2ms)
  Rendered shared/_error_messages.html.erb (0.0ms)
  Rendered shared/_micropost_form.html.erb (2.2ms)
  [1m[35m (0.2ms)[0m  SELECT COUNT(*) FROM "microposts" WHERE (user_id IN (SELECT followed_id FROM relationships
 WHERE follower_id = 1) OR user_id = 1)
  [1m[36mMicropost Load (0.2ms)[0m  [1mSELECT "microposts".* FROM "microposts" WHERE (user_id IN (SELECT followed_id FROM relationships
 WHERE follower_id = 1) OR user_id = 1) ORDER BY created_at DESC LIMIT 30 OFFSET 0[0m
  [1m[35mUser Load (0.1ms)[0m  SELECT "users".* FROM "users" WHERE "users"."id" = ? ORDER BY "users"."id" ASC LIMIT 1  [["id", 1]]
  [1m[36mCACHE (0.0ms)[0m  [1mSELECT "users".* FROM "users" WHERE "users"."id" = ? ORDER BY "users"."id" ASC LIMIT 1[0m  [["id", 1]]
  [1m[35mCACHE (0.0ms)[0m  SELECT "users".* FROM "users" WHERE "users"."id" = ? ORDER BY "users"."id" ASC LIMIT 1  [["id", 1]]
  [1m[36mCACHE (0.0ms)[0m  [1mSELECT "users".* FROM "users" WHERE "users"."id" = ? ORDER BY "users"."id" ASC LIMIT 1[0m  [["id", 1]]
  Rendered shared/_feed_item.html.erb (15.1ms)
  Rendered shared/_feed.html.erb (18.5ms)
  Rendered static_pages/home.html.erb within layouts/application (32.4ms)
  Rendered layouts/_shim.html.erb (0.1ms)
  Rendered layouts/_header.html.erb (1.4ms)
  Rendered layouts/_footer.html.erb (0.2ms)
Completed 200 OK in 91ms (Views: 82.9ms | ActiveRecord: 1.5ms)


Started GET "/assets/application.css?body=1" for 127.0.0.1 at 2013-11-22 00:43:56 +0800


Started GET "/assets/sessions.css?body=1" for 127.0.0.1 at 2013-11-22 00:43:56 +0800


Started GET "/assets/static_pages.css?body=1" for 127.0.0.1 at 2013-11-22 00:43:56 +0800


Started GET "/assets/custom.css?body=1" for 127.0.0.1 at 2013-11-22 00:43:56 +0800


Started GET "/assets/users.css?body=1" for 127.0.0.1 at 2013-11-22 00:43:56 +0800


Started GET "/assets/jquery.js?body=1" for 127.0.0.1 at 2013-11-22 00:43:56 +0800


Started GET "/assets/jquery_ujs.js?body=1" for 127.0.0.1 at 2013-11-22 00:43:56 +0800


Started GET "/assets/turbolinks.js?body=1" for 127.0.0.1 at 2013-11-22 00:43:56 +0800


Started GET "/assets/bootstrap-transition.js?body=1" for 127.0.0.1 at 2013-11-22 00:43:56 +0800


Started GET "/assets/bootstrap-affix.js?body=1" for 127.0.0.1 at 2013-11-22 00:43:56 +0800


Started GET "/assets/bootstrap-alert.js?body=1" for 127.0.0.1 at 2013-11-22 00:43:56 +0800


Started GET "/assets/bootstrap-button.js?body=1" for 127.0.0.1 at 2013-11-22 00:43:56 +0800


Started GET "/assets/bootstrap-collapse.js?body=1" for 127.0.0.1 at 2013-11-22 00:43:56 +0800


Started GET "/assets/bootstrap-dropdown.js?body=1" for 127.0.0.1 at 2013-11-22 00:43:56 +0800


Started GET "/assets/bootstrap-carousel.js?body=1" for 127.0.0.1 at 2013-11-22 00:43:56 +0800


Started GET "/assets/bootstrap-modal.js?body=1" for 127.0.0.1 at 2013-11-22 00:43:56 +0800


Started GET "/assets/bootstrap-scrollspy.js?body=1" for 127.0.0.1 at 2013-11-22 00:43:56 +0800


Started GET "/assets/bootstrap-tab.js?body=1" for 127.0.0.1 at 2013-11-22 00:43:56 +0800


Started GET "/assets/bootstrap-popover.js?body=1" for 127.0.0.1 at 2013-11-22 00:43:56 +0800


Started GET "/assets/bootstrap-tooltip.js?body=1" for 127.0.0.1 at 2013-11-22 00:43:56 +0800


Started GET "/assets/bootstrap-typeahead.js?body=1" for 127.0.0.1 at 2013-11-22 00:43:56 +0800


Started GET "/assets/bootstrap.js?body=1" for 127.0.0.1 at 2013-11-22 00:43:56 +0800


Started GET "/assets/sessions.js?body=1" for 127.0.0.1 at 2013-11-22 00:43:56 +0800


Started GET "/assets/static_pages.js?body=1" for 127.0.0.1 at 2013-11-22 00:43:56 +0800


Started GET "/assets/users.js?body=1" for 127.0.0.1 at 2013-11-22 00:43:56 +0800


Started GET "/assets/application.js?body=1" for 127.0.0.1 at 2013-11-22 00:43:56 +0800


Started POST "/microposts" for 127.0.0.1 at 2013-11-22 00:47:32 +0800
Processing by MicropostsController#create as HTML
  Parameters: {"utf8"=>"✓", "authenticity_token"=>"Y4Jew4jkucLmCWfUADNYKPH1ahcD8JQU/faN7QhDHhQ=", "micropost"=>{"content"=>"kmlklmmlml"}, "commit"=>"Post"}
  [1m[35mUser Load (0.2ms)[0m  SELECT "users".* FROM "users" WHERE "users"."remember_token" = '526a34240ef6c3d22d853770aafb8bac3f2feed3' LIMIT 1
  [1m[36m (0.1ms)[0m  [1mbegin transaction[0m
  [1m[35mSQL (0.6ms)[0m  INSERT INTO "microposts" ("content", "created_at", "updated_at", "user_id") VALUES (?, ?, ?, ?)  [["content", "kmlklmmlml"], ["created_at", Thu, 21 Nov 2013 16:47:32 UTC +00:00], ["updated_at", Thu, 21 Nov 2013 16:47:32 UTC +00:00], ["user_id", 1]]
  [1m[36m (3.7ms)[0m  [1mcommit transaction[0m
Redirected to http://0.0.0.0:3000/
Completed 302 Found in 13ms (ActiveRecord: 4.6ms)


Started GET "/" for 127.0.0.1 at 2013-11-22 00:47:32 +0800
Processing by StaticPagesController#home as HTML
  [1m[35mUser Load (0.3ms)[0m  SELECT "users".* FROM "users" WHERE "users"."remember_token" = '526a34240ef6c3d22d853770aafb8bac3f2feed3' LIMIT 1
  [1m[36m (0.1ms)[0m  [1mSELECT COUNT(*) FROM "microposts" WHERE "microposts"."user_id" = ?[0m  [["user_id", 1]]
  Rendered shared/_user_info.html.erb (1.7ms)
  [1m[35m (0.2ms)[0m  SELECT COUNT(*) FROM "users" INNER JOIN "relationships" ON "users"."id" = "relationships"."followed_id" WHERE "relationships"."follower_id" = ?  [["follower_id", 1]]
  [1m[36m (0.1ms)[0m  [1mSELECT COUNT(*) FROM "users" INNER JOIN "relationships" ON "users"."id" = "relationships"."follower_id" WHERE "relationships"."followed_id" = ?[0m  [["followed_id", 1]]
  Rendered shared/_stats.html.erb (3.6ms)
  Rendered shared/_error_messages.html.erb (0.1ms)
  Rendered shared/_micropost_form.html.erb (2.0ms)
  [1m[35m (0.2ms)[0m  SELECT COUNT(*) FROM "microposts" WHERE (user_id IN (SELECT followed_id FROM relationships
 WHERE follower_id = 1) OR user_id = 1)
  [1m[36mMicropost Load (0.3ms)[0m  [1mSELECT "microposts".* FROM "microposts" WHERE (user_id IN (SELECT followed_id FROM relationships
 WHERE follower_id = 1) OR user_id = 1) ORDER BY created_at DESC LIMIT 30 OFFSET 0[0m
  [1m[35mUser Load (0.1ms)[0m  SELECT "users".* FROM "users" WHERE "users"."id" = ? ORDER BY "users"."id" ASC LIMIT 1  [["id", 1]]
  [1m[36mCACHE (0.0ms)[0m  [1mSELECT "users".* FROM "users" WHERE "users"."id" = ? ORDER BY "users"."id" ASC LIMIT 1[0m  [["id", 1]]
  [1m[35mCACHE (0.0ms)[0m  SELECT "users".* FROM "users" WHERE "users"."id" = ? ORDER BY "users"."id" ASC LIMIT 1  [["id", 1]]
  [1m[36mCACHE (0.1ms)[0m  [1mSELECT "users".* FROM "users" WHERE "users"."id" = ? ORDER BY "users"."id" ASC LIMIT 1[0m  [["id", 1]]
  [1m[35mCACHE (0.0ms)[0m  SELECT "users".* FROM "users" WHERE "users"."id" = ? ORDER BY "users"."id" ASC LIMIT 1  [["id", 1]]
  Rendered shared/_feed_item.html.erb (8.2ms)
  Rendered shared/_feed.html.erb (11.9ms)
  Rendered static_pages/home.html.erb within layouts/application (22.2ms)
  Rendered layouts/_shim.html.erb (0.1ms)
  Rendered layouts/_header.html.erb (0.6ms)
  Rendered layouts/_footer.html.erb (0.1ms)
Completed 200 OK in 38ms (Views: 33.8ms | ActiveRecord: 1.5ms)


Started GET "/assets/application.css?body=1" for 127.0.0.1 at 2013-11-22 00:47:32 +0800


Started GET "/assets/sessions.css?body=1" for 127.0.0.1 at 2013-11-22 00:47:32 +0800


Started GET "/assets/custom.css?body=1" for 127.0.0.1 at 2013-11-22 00:47:32 +0800


Started GET "/assets/users.css?body=1" for 127.0.0.1 at 2013-11-22 00:47:32 +0800


Started GET "/assets/static_pages.css?body=1" for 127.0.0.1 at 2013-11-22 00:47:32 +0800


Started GET "/assets/jquery.js?body=1" for 127.0.0.1 at 2013-11-22 00:47:32 +0800


Started GET "/assets/turbolinks.js?body=1" for 127.0.0.1 at 2013-11-22 00:47:32 +0800


Started GET "/assets/jquery_ujs.js?body=1" for 127.0.0.1 at 2013-11-22 00:47:32 +0800


Started GET "/assets/bootstrap-affix.js?body=1" for 127.0.0.1 at 2013-11-22 00:47:32 +0800


Started GET "/assets/bootstrap-transition.js?body=1" for 127.0.0.1 at 2013-11-22 00:47:32 +0800


Started GET "/assets/bootstrap-alert.js?body=1" for 127.0.0.1 at 2013-11-22 00:47:32 +0800


Started GET "/assets/bootstrap-button.js?body=1" for 127.0.0.1 at 2013-11-22 00:47:32 +0800


Started GET "/assets/bootstrap-carousel.js?body=1" for 127.0.0.1 at 2013-11-22 00:47:32 +0800


Started GET "/assets/bootstrap-collapse.js?body=1" for 127.0.0.1 at 2013-11-22 00:47:32 +0800


Started GET "/assets/bootstrap-dropdown.js?body=1" for 127.0.0.1 at 2013-11-22 00:47:32 +0800


Started GET "/assets/bootstrap-modal.js?body=1" for 127.0.0.1 at 2013-11-22 00:47:32 +0800


Started GET "/assets/bootstrap-tooltip.js?body=1" for 127.0.0.1 at 2013-11-22 00:47:32 +0800


Started GET "/assets/bootstrap-tab.js?body=1" for 127.0.0.1 at 2013-11-22 00:47:32 +0800


Started GET "/assets/bootstrap-scrollspy.js?body=1" for 127.0.0.1 at 2013-11-22 00:47:32 +0800


Started GET "/assets/bootstrap-popover.js?body=1" for 127.0.0.1 at 2013-11-22 00:47:32 +0800


Started GET "/assets/bootstrap-typeahead.js?body=1" for 127.0.0.1 at 2013-11-22 00:47:32 +0800


Started GET "/assets/bootstrap.js?body=1" for 127.0.0.1 at 2013-11-22 00:47:32 +0800


Started GET "/assets/sessions.js?body=1" for 127.0.0.1 at 2013-11-22 00:47:32 +0800


Started GET "/assets/static_pages.js?body=1" for 127.0.0.1 at 2013-11-22 00:47:32 +0800


Started GET "/assets/users.js?body=1" for 127.0.0.1 at 2013-11-22 00:47:32 +0800


Started GET "/assets/application.js?body=1" for 127.0.0.1 at 2013-11-22 00:47:32 +0800


Started GET "/users" for 127.0.0.1 at 2013-11-22 00:47:38 +0800
Processing by UsersController#index as HTML
  [1m[36mUser Load (0.2ms)[0m  [1mSELECT "users".* FROM "users" WHERE "users"."remember_token" = '526a34240ef6c3d22d853770aafb8bac3f2feed3' LIMIT 1[0m
  [1m[35m (0.2ms)[0m  SELECT COUNT(*) FROM "users"
  [1m[36mUser Load (0.3ms)[0m  [1mSELECT "users".* FROM "users" LIMIT 30 OFFSET 0[0m
  Rendered users/_user.html.erb (1.2ms)
  Rendered users/index.html.erb within layouts/application (9.0ms)
  Rendered layouts/_shim.html.erb (0.1ms)
  Rendered layouts/_header.html.erb (0.8ms)
  Rendered layouts/_footer.html.erb (0.2ms)
Completed 200 OK in 47ms (Views: 45.2ms | ActiveRecord: 0.7ms)


Started DELETE "/signout" for 127.0.0.1 at 2013-11-22 00:47:48 +0800
Processing by SessionsController#destroy as HTML
  Parameters: {"authenticity_token"=>"Y4Jew4jkucLmCWfUADNYKPH1ahcD8JQU/faN7QhDHhQ="}
Redirected to http://0.0.0.0:3000/
Completed 302 Found in 1ms (ActiveRecord: 0.0ms)


Started GET "/" for 127.0.0.1 at 2013-11-22 00:47:48 +0800
Processing by StaticPagesController#home as HTML
  [1m[35mUser Load (0.2ms)[0m  SELECT "users".* FROM "users" WHERE "users"."remember_token" = 'da39a3ee5e6b4b0d3255bfef95601890afd80709' LIMIT 1
  [1m[36mCACHE (0.0ms)[0m  [1mSELECT "users".* FROM "users" WHERE "users"."remember_token" = 'da39a3ee5e6b4b0d3255bfef95601890afd80709' LIMIT 1[0m
  Rendered static_pages/home.html.erb within layouts/application (0.9ms)
  Rendered layouts/_shim.html.erb (0.1ms)
  [1m[35mCACHE (0.0ms)[0m  SELECT "users".* FROM "users" WHERE "users"."remember_token" = 'da39a3ee5e6b4b0d3255bfef95601890afd80709' LIMIT 1
  Rendered layouts/_header.html.erb (0.8ms)
  Rendered layouts/_footer.html.erb (0.1ms)
Completed 200 OK in 21ms (Views: 19.5ms | ActiveRecord: 0.2ms)


Started GET "/assets/custom.css?body=1" for 127.0.0.1 at 2013-11-22 00:47:48 +0800


Started GET "/assets/jquery.js?body=1" for 127.0.0.1 at 2013-11-22 00:47:48 +0800


Started GET "/assets/application.css?body=1" for 127.0.0.1 at 2013-11-22 00:47:48 +0800


Started GET "/assets/sessions.css?body=1" for 127.0.0.1 at 2013-11-22 00:47:48 +0800


Started GET "/assets/users.css?body=1" for 127.0.0.1 at 2013-11-22 00:47:48 +0800


Started GET "/assets/static_pages.css?body=1" for 127.0.0.1 at 2013-11-22 00:47:48 +0800


Started GET "/assets/jquery_ujs.js?body=1" for 127.0.0.1 at 2013-11-22 00:47:48 +0800


Started GET "/assets/turbolinks.js?body=1" for 127.0.0.1 at 2013-11-22 00:47:48 +0800


Started GET "/assets/bootstrap-transition.js?body=1" for 127.0.0.1 at 2013-11-22 00:47:48 +0800


Started GET "/assets/bootstrap-affix.js?body=1" for 127.0.0.1 at 2013-11-22 00:47:48 +0800


Started GET "/assets/bootstrap-alert.js?body=1" for 127.0.0.1 at 2013-11-22 00:47:48 +0800


Started GET "/assets/bootstrap-button.js?body=1" for 127.0.0.1 at 2013-11-22 00:47:48 +0800


Started GET "/assets/bootstrap-carousel.js?body=1" for 127.0.0.1 at 2013-11-22 00:47:48 +0800


Started GET "/assets/bootstrap-collapse.js?body=1" for 127.0.0.1 at 2013-11-22 00:47:48 +0800


Started GET "/assets/bootstrap-modal.js?body=1" for 127.0.0.1 at 2013-11-22 00:47:48 +0800


Started GET "/assets/bootstrap-dropdown.js?body=1" for 127.0.0.1 at 2013-11-22 00:47:48 +0800


Started GET "/assets/bootstrap-scrollspy.js?body=1" for 127.0.0.1 at 2013-11-22 00:47:48 +0800


Started GET "/assets/bootstrap-tab.js?body=1" for 127.0.0.1 at 2013-11-22 00:47:48 +0800


Started GET "/assets/bootstrap-tooltip.js?body=1" for 127.0.0.1 at 2013-11-22 00:47:48 +0800


Started GET "/assets/bootstrap-popover.js?body=1" for 127.0.0.1 at 2013-11-22 00:47:48 +0800


Started GET "/assets/bootstrap-typeahead.js?body=1" for 127.0.0.1 at 2013-11-22 00:47:49 +0800


Started GET "/assets/bootstrap.js?body=1" for 127.0.0.1 at 2013-11-22 00:47:49 +0800


Started GET "/assets/sessions.js?body=1" for 127.0.0.1 at 2013-11-22 00:47:49 +0800


Started GET "/assets/static_pages.js?body=1" for 127.0.0.1 at 2013-11-22 00:47:49 +0800


Started GET "/assets/users.js?body=1" for 127.0.0.1 at 2013-11-22 00:47:49 +0800


Started GET "/assets/application.js?body=1" for 127.0.0.1 at 2013-11-22 00:47:49 +0800


Started GET "/assets/rails.png" for 127.0.0.1 at 2013-11-22 00:47:49 +0800


Started GET "/signup" for 127.0.0.1 at 2013-11-22 00:47:53 +0800
Processing by UsersController#new as HTML
  Rendered shared/_error_messages.html.erb (0.1ms)
  Rendered users/new.html.erb within layouts/application (5.9ms)
  Rendered layouts/_shim.html.erb (0.1ms)
  [1m[36mUser Load (0.2ms)[0m  [1mSELECT "users".* FROM "users" WHERE "users"."remember_token" = 'da39a3ee5e6b4b0d3255bfef95601890afd80709' LIMIT 1[0m
  Rendered layouts/_header.html.erb (1.8ms)
  Rendered layouts/_footer.html.erb (0.2ms)
Completed 200 OK in 38ms (Views: 36.5ms | ActiveRecord: 0.2ms)


Started POST "/users" for 127.0.0.1 at 2013-11-22 00:48:10 +0800
Processing by UsersController#create as HTML
  Parameters: {"utf8"=>"✓", "authenticity_token"=>"Y4Jew4jkucLmCWfUADNYKPH1ahcD8JQU/faN7QhDHhQ=", "user"=>{"name"=>"admin", "email"=>"admin@sina.com", "password"=>"[FILTERED]", "password_confirmation"=>"[FILTERED]"}, "commit"=>"Create my account"}
  [1m[35m (0.1ms)[0m  begin transaction
  [1m[36mUser Exists (17.8ms)[0m  [1mSELECT 1 AS one FROM "users" WHERE LOWER("users"."email") = LOWER('admin@sina.com') LIMIT 1[0m
Binary data inserted for `string` type on column `password_digest`
  [1m[35mSQL (0.6ms)[0m  INSERT INTO "users" ("created_at", "email", "name", "password_digest", "remember_token", "updated_at") VALUES (?, ?, ?, ?, ?, ?)  [["created_at", Thu, 21 Nov 2013 16:48:10 UTC +00:00], ["email", "admin@sina.com"], ["name", "admin"], ["password_digest", "$2a$10$.dnVefrPhINtPlxCK93p7OjJMQKIw0ZVzvz5CsjZYJ.UzyhO4sv9u"], ["remember_token", "48bb06edebfeb531b1e56d15c0ed636627a0304a"], ["updated_at", Thu, 21 Nov 2013 16:48:10 UTC +00:00]]
  [1m[36m (1.0ms)[0m  [1mcommit transaction[0m
  [1m[35m (0.1ms)[0m  begin transaction
  [1m[36mSQL (0.4ms)[0m  [1mUPDATE "users" SET "remember_token" = ?, "updated_at" = ? WHERE "users"."id" = 2[0m  [["remember_token", "e173bc0531a543e7793d7c5dfc2b2f7ac6cd182e"], ["updated_at", Thu, 21 Nov 2013 16:48:10 UTC +00:00]]
  [1m[35m (1.4ms)[0m  commit transaction
Redirected to http://0.0.0.0:3000/users/2
Completed 302 Found in 109ms (ActiveRecord: 21.3ms)


Started GET "/users/2" for 127.0.0.1 at 2013-11-22 00:48:10 +0800
Processing by UsersController#show as HTML
  Parameters: {"id"=>"2"}
  [1m[36mUser Load (0.2ms)[0m  [1mSELECT "users".* FROM "users" WHERE "users"."id" = ? LIMIT 1[0m  [["id", "2"]]
  [1m[35m (0.2ms)[0m  SELECT COUNT(*) FROM "users" INNER JOIN "relationships" ON "users"."id" = "relationships"."followed_id" WHERE "relationships"."follower_id" = ?  [["follower_id", 2]]
  [1m[36m (0.1ms)[0m  [1mSELECT COUNT(*) FROM "users" INNER JOIN "relationships" ON "users"."id" = "relationships"."follower_id" WHERE "relationships"."followed_id" = ?[0m  [["followed_id", 2]]
  Rendered shared/_stats.html.erb (3.1ms)
  [1m[35mUser Load (0.2ms)[0m  SELECT "users".* FROM "users" WHERE "users"."remember_token" = 'e173bc0531a543e7793d7c5dfc2b2f7ac6cd182e' LIMIT 1
  Rendered users/_follow_form.html.erb (0.1ms)
  [1m[36mMicropost Exists (0.1ms)[0m  [1mSELECT 1 AS one FROM "microposts" WHERE "microposts"."user_id" = ? ORDER BY created_at DESC LIMIT 1[0m  [["user_id", 2]]
  Rendered users/show.html.erb within layouts/application (6.9ms)
  Rendered layouts/_shim.html.erb (0.1ms)
  Rendered layouts/_header.html.erb (0.8ms)
  Rendered layouts/_footer.html.erb (0.1ms)
Completed 200 OK in 26ms (Views: 23.8ms | ActiveRecord: 0.7ms)


Started GET "/assets/sessions.css?body=1" for 127.0.0.1 at 2013-11-22 00:48:10 +0800


Started GET "/assets/jquery.js?body=1" for 127.0.0.1 at 2013-11-22 00:48:10 +0800


Started GET "/assets/static_pages.css?body=1" for 127.0.0.1 at 2013-11-22 00:48:10 +0800


Started GET "/assets/custom.css?body=1" for 127.0.0.1 at 2013-11-22 00:48:10 +0800


Started GET "/assets/users.css?body=1" for 127.0.0.1 at 2013-11-22 00:48:10 +0800


Started GET "/assets/jquery_ujs.js?body=1" for 127.0.0.1 at 2013-11-22 00:48:10 +0800


Started GET "/assets/application.css?body=1" for 127.0.0.1 at 2013-11-22 00:48:10 +0800


Started GET "/assets/turbolinks.js?body=1" for 127.0.0.1 at 2013-11-22 00:48:10 +0800


Started GET "/assets/bootstrap-transition.js?body=1" for 127.0.0.1 at 2013-11-22 00:48:10 +0800


Started GET "/assets/bootstrap-affix.js?body=1" for 127.0.0.1 at 2013-11-22 00:48:10 +0800


Started GET "/assets/bootstrap-alert.js?body=1" for 127.0.0.1 at 2013-11-22 00:48:10 +0800


Started GET "/assets/bootstrap-button.js?body=1" for 127.0.0.1 at 2013-11-22 00:48:10 +0800


Started GET "/assets/bootstrap-collapse.js?body=1" for 127.0.0.1 at 2013-11-22 00:48:10 +0800


Started GET "/assets/bootstrap-dropdown.js?body=1" for 127.0.0.1 at 2013-11-22 00:48:10 +0800


Started GET "/assets/bootstrap-modal.js?body=1" for 127.0.0.1 at 2013-11-22 00:48:10 +0800


Started GET "/assets/bootstrap-carousel.js?body=1" for 127.0.0.1 at 2013-11-22 00:48:10 +0800


Started GET "/assets/bootstrap-tab.js?body=1" for 127.0.0.1 at 2013-11-22 00:48:10 +0800


Started GET "/assets/bootstrap-scrollspy.js?body=1" for 127.0.0.1 at 2013-11-22 00:48:10 +0800


Started GET "/assets/bootstrap-tooltip.js?body=1" for 127.0.0.1 at 2013-11-22 00:48:10 +0800


Started GET "/assets/bootstrap-popover.js?body=1" for 127.0.0.1 at 2013-11-22 00:48:10 +0800


Started GET "/assets/bootstrap-typeahead.js?body=1" for 127.0.0.1 at 2013-11-22 00:48:10 +0800


Started GET "/assets/bootstrap.js?body=1" for 127.0.0.1 at 2013-11-22 00:48:10 +0800


Started GET "/assets/sessions.js?body=1" for 127.0.0.1 at 2013-11-22 00:48:10 +0800


Started GET "/assets/static_pages.js?body=1" for 127.0.0.1 at 2013-11-22 00:48:10 +0800


Started GET "/assets/users.js?body=1" for 127.0.0.1 at 2013-11-22 00:48:10 +0800


Started GET "/assets/application.js?body=1" for 127.0.0.1 at 2013-11-22 00:48:10 +0800


Started GET "/users" for 127.0.0.1 at 2013-11-22 00:48:13 +0800
Processing by UsersController#index as HTML
  [1m[35mUser Load (0.2ms)[0m  SELECT "users".* FROM "users" WHERE "users"."remember_token" = 'e173bc0531a543e7793d7c5dfc2b2f7ac6cd182e' LIMIT 1
  [1m[36m (0.3ms)[0m  [1mSELECT COUNT(*) FROM "users"[0m
  [1m[35mUser Load (0.2ms)[0m  SELECT "users".* FROM "users" LIMIT 30 OFFSET 0
  Rendered users/_user.html.erb (4.6ms)
  Rendered users/index.html.erb within layouts/application (14.6ms)
  Rendered layouts/_shim.html.erb (0.1ms)
  Rendered layouts/_header.html.erb (1.1ms)
  Rendered layouts/_footer.html.erb (0.3ms)
Completed 200 OK in 37ms (Views: 35.1ms | ActiveRecord: 0.8ms)


Started GET "/" for 127.0.0.1 at 2013-11-22 00:48:16 +0800
Processing by StaticPagesController#home as HTML
  [1m[36mUser Load (0.3ms)[0m  [1mSELECT "users".* FROM "users" WHERE "users"."remember_token" = 'e173bc0531a543e7793d7c5dfc2b2f7ac6cd182e' LIMIT 1[0m
  [1m[35m (0.2ms)[0m  SELECT COUNT(*) FROM "microposts" WHERE "microposts"."user_id" = ?  [["user_id", 2]]
  Rendered shared/_user_info.html.erb (2.6ms)
  [1m[36m (0.2ms)[0m  [1mSELECT COUNT(*) FROM "users" INNER JOIN "relationships" ON "users"."id" = "relationships"."followed_id" WHERE "relationships"."follower_id" = ?[0m  [["follower_id", 2]]
  [1m[35m (1.6ms)[0m  SELECT COUNT(*) FROM "users" INNER JOIN "relationships" ON "users"."id" = "relationships"."follower_id" WHERE "relationships"."followed_id" = ?  [["followed_id", 2]]
  Rendered shared/_stats.html.erb (19.0ms)
  Rendered shared/_error_messages.html.erb (0.1ms)
  Rendered shared/_micropost_form.html.erb (2.2ms)
  [1m[36m (0.3ms)[0m  [1mSELECT COUNT(*) FROM "microposts" WHERE (user_id IN (SELECT followed_id FROM relationships
 WHERE follower_id = 2) OR user_id = 2)[0m
  Rendered shared/_feed.html.erb (2.2ms)
  Rendered static_pages/home.html.erb within layouts/application (30.6ms)
  Rendered layouts/_shim.html.erb (0.0ms)
  Rendered layouts/_header.html.erb (1.1ms)
  Rendered layouts/_footer.html.erb (0.2ms)
Completed 200 OK in 52ms (Views: 42.3ms | ActiveRecord: 2.5ms)
